=~=~=~=~=~=~=~=~=~=~=~= PuTTY log 2025.07.23 10:37:14 =~=~=~=~=~=~=~=~=~=~=~=
9.52
9.40
9.40
9.50
9.40
9.40
9.52
9.40
9.42
9.50
9.42
9.40
9.52
9.40
9.40
9.50
9.40
9.50
9.52
9.40
9.50
9.52
9.42
9.50
9.50
9.40
9.52
9.52
9.40
9.52
9.52
9.42
9.52
9.52
9.42
9.50
9.50
9.40
9.50
9.50
9.42
9.50
9.52
9.40
9.52
9.52
9.42
9.52
9.52
9.40
9.52
9.50
9.40
9.50
9.50
9.42
9.52
9.52
9.42
9.52
9.52
9.40
9.50
9.50
9.40
9.50
9.52
9.40
9.52
9.50
9.40
9.52
9.50
9.42
9.52
9.52
9.42
9.50
9.52
9.40
9.52
9.50
9.42
9.50
9.52
9.42
9.50
9.50
